[debug] [2022-05-02T16:05:42.081Z] ----------------------------------------------------------------------
[debug] [2022-05-02T16:05:42.084Z] Command:       /usr/local/bin/node /usr/local/bin/firebase init
[debug] [2022-05-02T16:05:42.085Z] CLI Version:   10.7.1
[debug] [2022-05-02T16:05:42.085Z] Platform:      darwin
[debug] [2022-05-02T16:05:42.086Z] Node Version:  v16.14.2
[debug] [2022-05-02T16:05:42.120Z] Time:          Mon May 02 2022 18:05:42 GMT+0200 (Центральная Европа, летнее время)
[debug] [2022-05-02T16:05:42.121Z] ----------------------------------------------------------------------
[debug] 
[debug] [2022-05-02T16:05:42.257Z] > command requires scopes: ["email","openid","https://www.googleapis.com/auth/cloudplatformprojects.readonly","https://www.googleapis.com/auth/firebase","https://www.googleapis.com/auth/cloud-platform"]
[debug] [2022-05-02T16:05:42.257Z] > authorizing via signed-in user (calminderap@gmail.com)
[info] 
     ######## #### ########  ######## ########     ###     ######  ########
     ##        ##  ##     ## ##       ##     ##  ##   ##  ##       ##
     ######    ##  ########  ######   ########  #########  ######  ######
     ##        ##  ##    ##  ##       ##     ## ##     ##       ## ##
     ##       #### ##     ## ######## ########  ##     ##  ######  ########

You're about to initialize a Firebase project in this directory:

  /Users/yuraherasin/Documents/Amieepsproject/calminder

Before we get started, keep in mind:

  * You are initializing within an existing Firebase project directory

[info] 
=== Project Setup
[info] 
[info] First, let's associate this project directory with a Firebase project.
[info] You can create multiple project aliases by running firebase use --add, 
[info] but for now we'll just set up a default project.
[info] 
[debug] [2022-05-02T16:05:50.390Z] Using project from CLI flag: calminder-6e144
[debug] [2022-05-02T16:05:50.410Z] > refreshing access token with scopes: []
[debug] [2022-05-02T16:05:50.412Z] >>> HTTP REQUEST POST https://www.googleapis.com/oauth2/v3/token  
 <request body omitted>
[debug] [2022-05-02T16:05:50.818Z] <<< HTTP RESPONSE 200 {"date":"Mon, 02 May 2022 16:05:27 GMT","expires":"Mon, 01 Jan 1990 00:00:00 GMT","cache-control":"no-cache, no-store, max-age=0, must-revalidate","pragma":"no-cache","content-type":"application/json; charset=utf-8","vary":"X-Origin, Referer, Origin,Accept-Encoding","server":"scaffolding on HTTPServer2","x-xss-protection":"0","x-frame-options":"SAMEORIGIN","x-content-type-options":"nosniff","alt-svc":"h3=\":443\"; ma=2592000,h3-29=\":443\"; ma=2592000,h3-Q050=\":443\"; ma=2592000,h3-Q046=\":443\"; ma=2592000,h3-Q043=\":443\"; ma=2592000,quic=\":443\"; ma=2592000; v=\"46,43\"","accept-ranges":"none","transfer-encoding":"chunked"}
[debug] [2022-05-02T16:05:50.918Z] >>> [apiv2][query] GET https://firebase.googleapis.com/v1beta1/projects/calminder-6e144 [none]
[debug] [2022-05-02T16:05:51.229Z] <<< [apiv2][status] GET https://firebase.googleapis.com/v1beta1/projects/calminder-6e144 200
[debug] [2022-05-02T16:05:51.229Z] <<< [apiv2][body] GET https://firebase.googleapis.com/v1beta1/projects/calminder-6e144 {"projectId":"calminder-6e144","projectNumber":"342163801680","displayName":"calminder","name":"projects/calminder-6e144","resources":{"hostingSite":"calminder-6e144","realtimeDatabaseInstance":"calminder-6e144-default-rtdb","storageBucket":"calminder-6e144.appspot.com","locationId":"europe-west"},"state":"ACTIVE"}
[info] i  Using project calminder-6e144 (calminder) 
[info] 
=== Hosting Setup
[info] 
[info] Your public directory is the folder (relative to your project directory) that
[info] will contain Hosting assets to be uploaded with firebase deploy. If you
[info] have a build process for your assets, use your build's output directory.
[info] 
